Using pre-set license
Built from '2020.3/staging' branch; Version is '2020.3.20f1 (41c4e627c95f) revision 4310246'; Using compiler version '192528614'; Build Type 'Release'
OS: 'Windows 10 Home; OS build 19042.1415; Version 2009; 64bit' Language: 'en' Physical Memory: 16319 MB
BatchMode: 1, IsHumanControllingUs: 0, StartBugReporterOnCrash: 0, Is64bit: 1, IsPro: 0

COMMAND LINE ARGUMENTS:
C:\Program Files\Unity\Hub\Editor\2020.3.20f1\Editor\Unity.exe
-adb2
-batchMode
-noUpm
-name
AssetImportWorker0
-projectPath
D:/Dejan Vuckovic/AllArtSolanaDemo
-logFile
Logs/AssetImportWorker0.log
-srvPort
61016
Successfully changed project path to: D:/Dejan Vuckovic/AllArtSolanaDemo
D:/Dejan Vuckovic/AllArtSolanaDemo
Using Asset Import Pipeline V2.
Refreshing native plugins compatible for Editor in 68.14 ms, found 3 plugins.
Preloading 0 native plugins for Editor in 0.00 ms.
Initialize engine version: 2020.3.20f1 (41c4e627c95f)
[Subsystems] Discovering subsystems at path C:/Program Files/Unity/Hub/Editor/2020.3.20f1/Editor/Data/Resources/UnitySubsystems
[Subsystems] Discovering subsystems at path D:/Dejan Vuckovic/AllArtSolanaDemo/Assets
GfxDevice: creating device client; threaded=0
Direct3D:
    Version:  Direct3D 11.0 [level 11.1]
    Renderer: NVIDIA GeForce GTX 1070 (ID=0x1be1)
    Vendor:   
    VRAM:     8081 MB
    Driver:   30.0.14.7141
Initialize mono
Mono path[0] = 'C:/Program Files/Unity/Hub/Editor/2020.3.20f1/Editor/Data/Managed'
Mono path[1] = 'C:/Program Files/Unity/Hub/Editor/2020.3.20f1/Editor/Data/MonoBleedingEdge/lib/mono/unityjit'
Mono config path = 'C:/Program Files/Unity/Hub/Editor/2020.3.20f1/Editor/Data/MonoBleedingEdge/etc'
Using monoOptions --debugger-agent=transport=dt_socket,embedding=1,server=y,suspend=n,address=127.0.0.1:56648
Begin MonoManager ReloadAssembly
Registering precompiled unity dll's ...
Register platform support module: C:/Program Files/Unity/Hub/Editor/2020.3.20f1/Editor/Data/PlaybackEngines/WebGLSupport/UnityEditor.WebGL.Extensions.dll
Register platform support module: C:/Program Files/Unity/Hub/Editor/2020.3.20f1/Editor/Data/PlaybackEngines/WindowsStandaloneSupport/UnityEditor.WindowsStandalone.Extensions.dll
Registered in 0.003631 seconds.
Native extension for WindowsStandalone target not found
Native extension for WebGL target not found
Refreshing native plugins compatible for Editor in 61.39 ms, found 3 plugins.
Preloading 0 native plugins for Editor in 0.00 ms.
Mono: successfully reloaded assembly
- Completed reload, in  1.464 seconds
Domain Reload Profiling:
	ReloadAssembly (1464ms)
		BeginReloadAssembly (72ms)
			ExecutionOrderSort (0ms)
			DisableScriptedObjects (0ms)
			BackupInstance (0ms)
			ReleaseScriptingObjects (0ms)
			CreateAndSetChildDomain (1ms)
		EndReloadAssembly (517ms)
			LoadAssemblies (69ms)
			RebuildTransferFunctionScriptingTraits (0ms)
			SetupTypeCache (178ms)
			ReleaseScriptCaches (0ms)
			RebuildScriptCaches (37ms)
			SetupLoadedEditorAssemblies (209ms)
				LogAssemblyErrors (0ms)
				InitializePlatformSupportModulesInManaged (6ms)
				SetLoadedEditorAssemblies (0ms)
				RefreshPlugins (61ms)
				BeforeProcessingInitializeOnLoad (16ms)
				ProcessInitializeOnLoadAttributes (92ms)
				ProcessInitializeOnLoadMethodAttributes (33ms)
				AfterProcessingInitializeOnLoad (0ms)
				EditorAssembliesLoaded (0ms)
			ExecutionOrderSort2 (0ms)
			AwakeInstancesAfterBackupRestoration (0ms)
Platform modules already initialized, skipping
Registering precompiled user dll's ...
Registered in 0.008195 seconds.
Begin MonoManager ReloadAssembly
Native extension for WindowsStandalone target not found
Native extension for WebGL target not found
Refreshing native plugins compatible for Editor in 69.82 ms, found 3 plugins.
Preloading 0 native plugins for Editor in 0.00 ms.
Disabling WSA platform on asset settings for D:\Dejan Vuckovic\AllArtSolanaDemo\Assets\NuGet.config
Mono: successfully reloaded assembly
- Completed reload, in  1.673 seconds
Domain Reload Profiling:
	ReloadAssembly (1674ms)
		BeginReloadAssembly (237ms)
			ExecutionOrderSort (0ms)
			DisableScriptedObjects (6ms)
			BackupInstance (0ms)
			ReleaseScriptingObjects (0ms)
			CreateAndSetChildDomain (37ms)
		EndReloadAssembly (1340ms)
			LoadAssemblies (141ms)
			RebuildTransferFunctionScriptingTraits (0ms)
			SetupTypeCache (519ms)
			ReleaseScriptCaches (1ms)
			RebuildScriptCaches (57ms)
			SetupLoadedEditorAssemblies (493ms)
				LogAssemblyErrors (0ms)
				InitializePlatformSupportModulesInManaged (7ms)
				SetLoadedEditorAssemblies (0ms)
				RefreshPlugins (70ms)
				BeforeProcessingInitializeOnLoad (112ms)
				ProcessInitializeOnLoadAttributes (280ms)
				ProcessInitializeOnLoadMethodAttributes (14ms)
				AfterProcessingInitializeOnLoad (9ms)
				EditorAssembliesLoaded (0ms)
			ExecutionOrderSort2 (0ms)
			AwakeInstancesAfterBackupRestoration (8ms)
Platform modules already initialized, skipping
========================================================================
Worker process is ready to serve import requests
Launched and connected shader compiler UnityShaderCompiler.exe after 0.11 seconds
Refreshing native plugins compatible for Editor in 1.11 ms, found 3 plugins.
Preloading 0 native plugins for Editor in 0.00 ms.
Unloading 2524 Unused Serialized files (Serialized files now loaded: 0)
System memory in use before: 114.2 MB.
System memory in use after: 114.4 MB.

Unloading 44 unused Assets to reduce memory usage. Loaded Objects now: 2949.
Total: 4.888200 ms (FindLiveObjects: 0.250700 ms CreateObjectMapping: 0.122000 ms MarkObjects: 4.371800 ms  DeleteObjects: 0.141900 ms)

AssetImportParameters requested are different than current active one (requested -> active):
  custom:framework-win-MediaFoundation: 216162199b28c13a410421893ffa2e32 -> 
  custom:video-decoder-ogg-theora: a1e56fd34408186e4bbccfd4996cb3dc -> 
  custom:container-muxer-webm: aa71ff27fc2769a1b78a27578f13a17b -> 
  custom:container-demuxer-webm: 4f35f7cbe854078d1ac9338744f61a02 -> 
  custom:container-demuxer-ogg: 62fdf1f143b41e24485cea50d1cbac27 -> 
  custom:video-encoder-webm-vp8: eb34c28f22e8b96e1ab97ce403110664 -> 
  custom:video-codec-MediaFoundation-h265: 746d11721c4dcdbdad8f713fa42b33f4 -> 
  custom:video-decoder-webm-vp8: 9c59270c3fd7afecdb556c50c9e8de78 -> 
  custom:audio-decoder-ogg-vorbis: bf7c407c2cedff20999df2af8eb42d56 -> 
  custom:audio-encoder-webm-vorbis: bf7c407c2cedff20999df2af8eb42d56 -> 
========================================================================
Received Import Request.
  path: Assets/Samples/Solana Wallet/1.0.0/Simple Wallet/Solana Wallet/1.0.0/Simple Wallet/Solana Wallet/1.0.0/Simple Wallet/assets/sprites/wallet.png
  artifactKey: Guid(ccff7ec8ff116d449abb1e07c6258794) Importer(815301076,1909f56bfc062723c751e8b465ee728b)
Start importing Assets/Samples/Solana Wallet/1.0.0/Simple Wallet/Solana Wallet/1.0.0/Simple Wallet/Solana Wallet/1.0.0/Simple Wallet/assets/sprites/wallet.png using Guid(ccff7ec8ff116d449abb1e07c6258794) Importer(815301076,1909f56bfc062723c751e8b465ee728b)  -> (artifact id: '924be3773a87314f906015c06a14450c') in 0.248495 seconds 
  Import took 0.253640 seconds .

========================================================================
Received Import Request.
  Time since last request: 0.000535 seconds.
  path: Assets/Samples/Solana Wallet/1.0.0/Simple Wallet/Solana Wallet/1.0.0/Simple Wallet/Solana Wallet/1.0.0/Simple Wallet/prefabs/ui/wallet.prefab
  artifactKey: Guid(d637d65cbe6f95747b31c9f08bff96d1) Importer(815301076,1909f56bfc062723c751e8b465ee728b)
Start importing Assets/Samples/Solana Wallet/1.0.0/Simple Wallet/Solana Wallet/1.0.0/Simple Wallet/Solana Wallet/1.0.0/Simple Wallet/prefabs/ui/wallet.prefab using Guid(d637d65cbe6f95747b31c9f08bff96d1) Importer(815301076,1909f56bfc062723c751e8b465ee728b)  -> (artifact id: '58046238a7016059c5073a91823899a8') in 0.146569 seconds 
  Import took 0.154792 seconds .

========================================================================
Received Import Request.
  Time since last request: 0.000400 seconds.
  path: Assets/Samples/Solana Wallet/1.0.0/Simple Wallet/Solana Wallet/1.0.0/Simple Wallet/Solana Wallet/1.0.0/Simple Wallet/prefabs/ui/wallet_new.prefab
  artifactKey: Guid(8eea4846889a475458f98a990bc690c3) Importer(815301076,1909f56bfc062723c751e8b465ee728b)
Start importing Assets/Samples/Solana Wallet/1.0.0/Simple Wallet/Solana Wallet/1.0.0/Simple Wallet/Solana Wallet/1.0.0/Simple Wallet/prefabs/ui/wallet_new.prefab using Guid(8eea4846889a475458f98a990bc690c3) Importer(815301076,1909f56bfc062723c751e8b465ee728b)  -> (artifact id: '354067788fc3613d7dd3978585665b99') in 0.104102 seconds 
  Import took 0.110935 seconds .

========================================================================
Received Import Request.
  Time since last request: 0.000341 seconds.
  path: Assets/Samples/Solana Wallet/1.0.0/Simple Wallet/Solana Wallet/1.0.0/Simple Wallet/Solana Wallet/1.0.0/Simple Wallet/prefabs/[WalletController].prefab
  artifactKey: Guid(8eb765922c6c37d49b885282538d2b8e) Importer(815301076,1909f56bfc062723c751e8b465ee728b)
Start importing Assets/Samples/Solana Wallet/1.0.0/Simple Wallet/Solana Wallet/1.0.0/Simple Wallet/Solana Wallet/1.0.0/Simple Wallet/prefabs/[WalletController].prefab using Guid(8eb765922c6c37d49b885282538d2b8e) Importer(815301076,1909f56bfc062723c751e8b465ee728b)  -> (artifact id: '028d77dfcc56265546a8590b3d8e5402') in 0.012473 seconds 
  Import took 0.017331 seconds .

========================================================================
Received Import Request.
  Time since last request: 0.000517 seconds.
  path: Assets/Samples/Solana Wallet/1.0.0/Simple Wallet/Solana Wallet/1.0.0/Simple Wallet/Solana Wallet/1.0.0/Simple Wallet/prefabs/ui/wallet_holder.prefab
  artifactKey: Guid(25ced29f37ec268439d3e49fff860db5) Importer(815301076,1909f56bfc062723c751e8b465ee728b)
Start importing Assets/Samples/Solana Wallet/1.0.0/Simple Wallet/Solana Wallet/1.0.0/Simple Wallet/Solana Wallet/1.0.0/Simple Wallet/prefabs/ui/wallet_holder.prefab using Guid(25ced29f37ec268439d3e49fff860db5) Importer(815301076,1909f56bfc062723c751e8b465ee728b)  -> (artifact id: 'e2e08a460e287c94e4a76dd63840a940') in 0.103564 seconds 
  Import took 0.111124 seconds .

========================================================================
Received Prepare
Registering precompiled user dll's ...
Registered in 0.011816 seconds.
Begin MonoManager ReloadAssembly
Native extension for WindowsStandalone target not found
Native extension for WebGL target not found
Refreshing native plugins compatible for Editor in 0.89 ms, found 3 plugins.
Preloading 0 native plugins for Editor in 0.00 ms.
Mono: successfully reloaded assembly
- Completed reload, in  2.104 seconds
Domain Reload Profiling:
	ReloadAssembly (2105ms)
		BeginReloadAssembly (215ms)
			ExecutionOrderSort (0ms)
			DisableScriptedObjects (11ms)
			BackupInstance (0ms)
			ReleaseScriptingObjects (0ms)
			CreateAndSetChildDomain (69ms)
		EndReloadAssembly (1773ms)
			LoadAssemblies (186ms)
			RebuildTransferFunctionScriptingTraits (0ms)
			SetupTypeCache (706ms)
			ReleaseScriptCaches (2ms)
			RebuildScriptCaches (88ms)
			SetupLoadedEditorAssemblies (612ms)
				LogAssemblyErrors (0ms)
				InitializePlatformSupportModulesInManaged (12ms)
				SetLoadedEditorAssemblies (1ms)
				RefreshPlugins (1ms)
				BeforeProcessingInitializeOnLoad (151ms)
				ProcessInitializeOnLoadAttributes (424ms)
				ProcessInitializeOnLoadMethodAttributes (8ms)
				AfterProcessingInitializeOnLoad (16ms)
				EditorAssembliesLoaded (0ms)
			ExecutionOrderSort2 (0ms)
			AwakeInstancesAfterBackupRestoration (19ms)
Platform modules already initialized, skipping
Refreshing native plugins compatible for Editor in 1.06 ms, found 3 plugins.
Preloading 0 native plugins for Editor in 0.00 ms.
Unloading 2459 Unused Serialized files (Serialized files now loaded: 0)
System memory in use before: 112.2 MB.
System memory in use after: 112.4 MB.

Unloading 37 unused Assets to reduce memory usage. Loaded Objects now: 2960.
Total: 5.995600 ms (FindLiveObjects: 0.522600 ms CreateObjectMapping: 0.224800 ms MarkObjects: 5.001200 ms  DeleteObjects: 0.244100 ms)

AssetImportParameters requested are different than current active one (requested -> active):
  custom:framework-win-MediaFoundation: 216162199b28c13a410421893ffa2e32 -> 
  custom:video-decoder-ogg-theora: a1e56fd34408186e4bbccfd4996cb3dc -> 
  custom:container-muxer-webm: aa71ff27fc2769a1b78a27578f13a17b -> 
  custom:container-demuxer-webm: 4f35f7cbe854078d1ac9338744f61a02 -> 
  custom:container-demuxer-ogg: 62fdf1f143b41e24485cea50d1cbac27 -> 
  custom:video-encoder-webm-vp8: eb34c28f22e8b96e1ab97ce403110664 -> 
  custom:video-codec-MediaFoundation-h265: 746d11721c4dcdbdad8f713fa42b33f4 -> 
  custom:video-decoder-webm-vp8: 9c59270c3fd7afecdb556c50c9e8de78 -> 
  custom:audio-decoder-ogg-vorbis: bf7c407c2cedff20999df2af8eb42d56 -> 
  custom:audio-encoder-webm-vorbis: bf7c407c2cedff20999df2af8eb42d56 -> 
========================================================================
Received Import Request.
  Time since last request: 185.829096 seconds.
  path: Assets/Samples
  artifactKey: Guid(ad71a09a52c88f548ae0ab46c8541f79) Importer(815301076,1909f56bfc062723c751e8b465ee728b)
Start importing Assets/Samples using Guid(ad71a09a52c88f548ae0ab46c8541f79) Importer(815301076,1909f56bfc062723c751e8b465ee728b)  -> (artifact id: '35a12ea6fe346c3627bb923cb86cb231') in 0.009970 seconds 
  Import took 0.016681 seconds .

========================================================================
Received Import Request.
  Time since last request: 1.150320 seconds.
  path: Assets/Samples/Solana Wallet
  artifactKey: Guid(4e3fe7868c72ced45bf811c8cf5a293c) Importer(815301076,1909f56bfc062723c751e8b465ee728b)
Start importing Assets/Samples/Solana Wallet using Guid(4e3fe7868c72ced45bf811c8cf5a293c) Importer(815301076,1909f56bfc062723c751e8b465ee728b)  -> (artifact id: '340ef55d4a7d575d81ba0163b0f40d1a') in 0.009439 seconds 
  Import took 0.015103 seconds .

========================================================================
Received Import Request.
  Time since last request: 0.545426 seconds.
  path: Assets/Samples/Solana Wallet/1.0.0
  artifactKey: Guid(ef1c7d0af8687864c803d479a9af2999) Importer(815301076,1909f56bfc062723c751e8b465ee728b)
Start importing Assets/Samples/Solana Wallet/1.0.0 using Guid(ef1c7d0af8687864c803d479a9af2999) Importer(815301076,1909f56bfc062723c751e8b465ee728b)  -> (artifact id: '4903bcf0025416845a901f1cfc003ea1') in 0.009070 seconds 
  Import took 0.014743 seconds .

========================================================================
Received Import Request.
  Time since last request: 1.080177 seconds.
  path: Assets/Samples/Solana Wallet/1.0.0/Simple Wallet/Solana Wallet
  artifactKey: Guid(a96ae718da43fbf44b2ed064d83a55ad) Importer(815301076,1909f56bfc062723c751e8b465ee728b)
Start importing Assets/Samples/Solana Wallet/1.0.0/Simple Wallet/Solana Wallet using Guid(a96ae718da43fbf44b2ed064d83a55ad) Importer(815301076,1909f56bfc062723c751e8b465ee728b)  -> (artifact id: '944a67b07f2cbd3e4ac5e4a3d7cb6cae') in 0.003023 seconds 
  Import took 0.008875 seconds .

========================================================================
Received Import Request.
  Time since last request: 0.822838 seconds.
  path: Assets/Samples/Solana Wallet/1.0.0/Simple Wallet/Solana Wallet/1.0.0
  artifactKey: Guid(a85d4dae15b25ae48a76c50115b6f5e4) Importer(815301076,1909f56bfc062723c751e8b465ee728b)
Start importing Assets/Samples/Solana Wallet/1.0.0/Simple Wallet/Solana Wallet/1.0.0 using Guid(a85d4dae15b25ae48a76c50115b6f5e4) Importer(815301076,1909f56bfc062723c751e8b465ee728b)  -> (artifact id: '928761adfb77348344e968f7e4e61598') in 0.003445 seconds 
  Import took 0.009498 seconds .

========================================================================
Received Import Request.
  Time since last request: 0.638200 seconds.
  path: Assets/Samples/Solana Wallet/1.0.0/Simple Wallet/Solana Wallet/1.0.0/Simple Wallet
  artifactKey: Guid(8a54f0bc28c7c8a4d8f98ef13ecd6fe7) Importer(815301076,1909f56bfc062723c751e8b465ee728b)
Start importing Assets/Samples/Solana Wallet/1.0.0/Simple Wallet/Solana Wallet/1.0.0/Simple Wallet using Guid(8a54f0bc28c7c8a4d8f98ef13ecd6fe7) Importer(815301076,1909f56bfc062723c751e8b465ee728b)  -> (artifact id: '1e5b7af9ab7f95cf3a5fc2062290ae8f') in 0.003730 seconds 
  Import took 0.010750 seconds .

========================================================================
Received Import Request.
  Time since last request: 2.253659 seconds.
  path: Assets/Samples/Solana Wallet/1.0.0/Simple Wallet/Solana Wallet/1.0.0/Simple Wallet/Solana Wallet
  artifactKey: Guid(2667aca8215e0af44831145ffbc8ee0d) Importer(815301076,1909f56bfc062723c751e8b465ee728b)
Start importing Assets/Samples/Solana Wallet/1.0.0/Simple Wallet/Solana Wallet/1.0.0/Simple Wallet/Solana Wallet using Guid(2667aca8215e0af44831145ffbc8ee0d) Importer(815301076,1909f56bfc062723c751e8b465ee728b)  -> (artifact id: '371fa7c885612511c17d8fa646f54f29') in 0.002939 seconds 
  Import took 0.008857 seconds .

